    1111111
    id=
----------------------------------------------
    sdads
    id=
----------------------------------------------
    daskdask&111
    id=
----------------------------------------------
    dsajd
    id=
----------------------------------------------
    dsajd
    id=
----------------------------------------------
    python-transaction-1.4.1-1.el7.src.rpm?spm=a2c6h.13651111.0.0.74f92f70EfYCOg
    id=
----------------------------------------------
    dsajd&&sad
    id=
----------------------------------------------
    dsad
    id=
----------------------------------------------
    test
    id=
----------------------------------------------
    jdsajd
    id=
----------------------------------------------
